0 info it worked if it ends with ok
1 verbose cli [ '/usr/local/bin/node', '/usr/local/bin/npm', 'start' ]
2 info using npm@3.3.12
3 info using node@v5.3.0
4 verbose run-script [ 'prestart', 'start', 'poststart' ]
5 info lifecycle react-multi-switch@1.0.0~prestart: react-multi-switch@1.0.0
6 verbose lifecycle react-multi-switch@1.0.0~prestart: unsafe-perm in lifecycle true
7 verbose lifecycle react-multi-switch@1.0.0~prestart: PATH: /usr/local/lib/node_modules/npm/bin/node-gyp-bin:/Users/suhail/Sites/react-multi-switch/node_modules/.bin:/Library/Frameworks/Python.framework/Versions/2.7/bin:/Library/Frameworks/Python.framework/Versions/2.7/bin:/usr/local/bin:/usr/local/sbin:/Library/Frameworks/Python.framework/Versions/3.5/bin:/Users/suhail/google-cloud-sdk/bin:/usr/local/bin:/usr/bin:/bin:/usr/sbin:/sbin:/opt/X11/bin:/usr/local/go/bin:/usr/texbin:/usr/local/go/bin:/usr/local/go/bin
8 verbose lifecycle react-multi-switch@1.0.0~prestart: CWD: /Users/suhail/Sites/react-multi-switch
9 silly lifecycle react-multi-switch@1.0.0~prestart: Args: [ '-c',
9 silly lifecycle   'sass --scss -t compressed sass/react-multi-switch.scss dist/css/react-multi-switch.min.css' ]
10 silly lifecycle react-multi-switch@1.0.0~prestart: Returned: code: 65  signal: null
11 info lifecycle react-multi-switch@1.0.0~prestart: Failed to exec prestart script
12 verbose stack Error: react-multi-switch@1.0.0 prestart: `sass --scss -t compressed sass/react-multi-switch.scss dist/css/react-multi-switch.min.css`
12 verbose stack Exit status 65
12 verbose stack     at EventEmitter.<anonymous> (/usr/local/lib/node_modules/npm/lib/utils/lifecycle.js:232:16)
12 verbose stack     at emitTwo (events.js:87:13)
12 verbose stack     at EventEmitter.emit (events.js:172:7)
12 verbose stack     at ChildProcess.<anonymous> (/usr/local/lib/node_modules/npm/lib/utils/spawn.js:24:14)
12 verbose stack     at emitTwo (events.js:87:13)
12 verbose stack     at ChildProcess.emit (events.js:172:7)
12 verbose stack     at maybeClose (internal/child_process.js:818:16)
12 verbose stack     at Process.ChildProcess._handle.onexit (internal/child_process.js:211:5)
13 verbose pkgid react-multi-switch@1.0.0
14 verbose cwd /Users/suhail/Sites/react-multi-switch
15 error Darwin 15.5.0
16 error argv "/usr/local/bin/node" "/usr/local/bin/npm" "start"
17 error node v5.3.0
18 error npm  v3.3.12
19 error code ELIFECYCLE
20 error react-multi-switch@1.0.0 prestart: `sass --scss -t compressed sass/react-multi-switch.scss dist/css/react-multi-switch.min.css`
20 error Exit status 65
21 error Failed at the react-multi-switch@1.0.0 prestart script 'sass --scss -t compressed sass/react-multi-switch.scss dist/css/react-multi-switch.min.css'.
21 error Make sure you have the latest version of node.js and npm installed.
21 error If you do, this is most likely a problem with the react-multi-switch package,
21 error not with npm itself.
21 error Tell the author that this fails on your system:
21 error     sass --scss -t compressed sass/react-multi-switch.scss dist/css/react-multi-switch.min.css
21 error You can get their info via:
21 error     npm owner ls react-multi-switch
21 error There is likely additional logging output above.
22 verbose exit [ 1, true ]
